<?xml version="1.0" encoding="UTF-8"?>
<testsuite xmlns:xsi="http://www.w3.org/2001/XMLSchema-instance" xsi:noNamespaceSchemaLocation="https://maven.apache.org/surefire/maven-surefire-plugin/xsd/surefire-test-report.xsd" version="3.0.2" name="com.duoc.ratetheanime.controller.RatedAnimeTest" time="1.119" tests="4" errors="0" skipped="0" failures="0" flakes="0">
  <properties>
[...]
</properties>
  <testcase name="obtener_anime_por_id_exitoso" classname="com.duoc.ratetheanime.controller.RatedAnimeTest" time="1.072">
    <system-out><![CDATA[16:55:41.012 [main] INFO com.duoc.ratetheanime.Controller.RatedAnimeController -- GET /api/ratedanimes/1 - Buscando calificacion de anime
]]></system-out>
    <system-err><![CDATA[Mockito is currently self-attaching to enable the inline-mock-maker. This will no longer work in future releases of the JDK. Please add Mockito as an agent to your build as described in Mockito's documentation: https://javadoc.io/doc/org.mockito/mockito-core/latest/org.mockito/org/mockito/Mockito.html#0.3
WARNING: A Java agent has been loaded dynamically (C:\Users\Artur\.m2\repository\net\bytebuddy\byte-buddy-agent\1.17.8\byte-buddy-agent-1.17.8.jar)
WARNING: If a serviceability tool is in use, please run with -XX:+EnableDynamicAgentLoading to hide this warning
WARNING: If a serviceability tool is not in use, please run with -Djdk.instrument.traceUsage for more information
WARNING: Dynamic loading of agents will be disallowed by default in a future release
]]></system-err>
  </testcase>
  <testcase name="eliminar_anime_puntuado_exitoso" classname="com.duoc.ratetheanime.controller.RatedAnimeTest" time="0.005">
    <system-out><![CDATA[16:55:41.087 [main] INFO com.duoc.ratetheanime.Controller.RatedAnimeController -- DELETE /api/ratedanimes/1 - Eliminando calificacion
]]></system-out>
  </testcase>
  <testcase name="obtener_anime_por_id_no_encontrado" classname="com.duoc.ratetheanime.controller.RatedAnimeTest" time="0.006">
    <system-out><![CDATA[16:55:41.093 [main] INFO com.duoc.ratetheanime.Controller.RatedAnimeController -- GET /api/ratedanimes/999 - Buscando calificacion de anime
16:55:41.093 [main] WARN com.duoc.ratetheanime.Controller.RatedAnimeController -- GET /api/ratedanimes/999 - Calificacion de anime no encontrada
]]></system-out>
  </testcase>
  <testcase name="crear_anime_puntuado" classname="com.duoc.ratetheanime.controller.RatedAnimeTest" time="0.004"/>
</testsuite>